<a> is Acceptable
<tv> is not Acceptable
<ptoui> is not Acceptable
<bontres> is not Acceptable
<zoggax> is not Acceptable
<wiinq> is not Acceptable
<eep> is Acceptable
<houctuh> is Acceptable
<ei> is Acceptable
<cd> is not Acceptable
<bcdfghjklmnpqrstvwxy> is not Acceptable
<ee> is Acceptable
<oo> is Acceptable
<jj> is not Acceptable
<aei> is not Acceptable
<vwx> is not Acceptable
<to> is Acceptable
<in> is Acceptable
<try> is not Acceptable
<ask> is Acceptable
<bot> is Acceptable
<abcodefgohijkolmonop> is Acceptable
<jkloxoxoxoxoxoxoxoxo> is not Acceptable
<mamamamajklamamamama> is not Acceptable
<egegegegegegegegejkl> is not Acceptable
<aeiququququququququq> is not Acceptable
<orororaeirororororor> is not Acceptable
<zezezezezezezezezoua> is not Acceptable
<eeprop> is Acceptable
<peerop> is Acceptable
<propee> is Acceptable
<ooplant> is Acceptable
<poolant> is Acceptable
<plantoo> is Acceptable
<ssuper> is not Acceptable
<supper> is not Acceptable
<superr> is not Acceptable
<aarmada> is not Acceptable
<armaada> is not Acceptable
<armadaa> is not Acceptable
<banana> is Acceptable
<rhythm> is not Acceptable
<breakneck> is Acceptable
